1622188855.2473516 [INFO] Logs will be written to s6
1622188855.2545452 [INFO] Adjusting cores allocated to memcached: from None to [0, 1].
1622188856.6476674 [INFO] Image fft pulled.
1622188857.9614954 [INFO] Image freqmine pulled.
1622188859.2588758 [INFO] Image ferret pulled.
1622188860.5895426 [INFO] Image canneal pulled.
1622188861.8859668 [INFO] Image dedup pulled.
1622188863.285095 [INFO] Image blackscholes pulled.
1622188863.2852252 [INFO] Controller enters main control loop.
1622188863.6498508 [INFO] Batch workload fft: starts with 4 thread(s), running on core(s) [1, 3].
1622188864.0144641 [INFO] Batch workload canneal: starts with 2 thread(s), running on core(s) [2].
1622188864.3705163 [INFO] Batch workload blackscholes: starts with 2 thread(s), running on core(s) [0, 1, 2, 3].
1622188892.5241904 [INFO] Adjusting cores allocated to canneal: from [2] to [].
1622188893.6769586 [INFO] batch workload canneal paused.
1622188893.6771443 [INFO] Adjusting cores allocated to blackscholes: from [0, 1, 2, 3] to [].
1622188894.9077723 [INFO] batch workload blackscholes paused.
1622188894.9080136 [INFO] Adjusting cores allocated to fft: from [1, 3] to [0, 1, 2, 3].
1622188968.9000313 [INFO] batch workload fft finished.
1622188968.900626 [INFO] Adjusting cores allocated to blackscholes: from [] to [2, 3].
1622188968.9221325 [INFO] batch workload blackscholes un-paused.
1622188968.9730132 [INFO] Adjusting cores allocated to canneal: from [] to [0, 1].
1622188969.0234458 [INFO] batch workload canneal un-paused.
1622189007.3839214 [INFO] Adjusting cores allocated to canneal: from [0, 1] to [0, 1, 2].
1622189007.4443326 [INFO] Adjusting cores allocated to blackscholes: from [2, 3] to [2, 3].
1622189155.3728292 [INFO] batch workload blackscholes finished.
1622189155.9393995 [INFO] Batch workload freqmine: starts with 4 thread(s), running on core(s) [2, 3].
1622189349.3208148 [INFO] batch workload canneal finished.
1622189349.3212364 [INFO] Adjusting cores allocated to freqmine: from [2, 3] to [0, 1, 2, 3].
1622189475.1055481 [INFO] batch workload freqmine finished.
1622189475.4532185 [INFO] Batch workload ferret: starts with 4 thread(s), running on core(s) [0, 1, 2, 3].
1622189968.3047926 [INFO] batch workload ferret finished.
1622189968.682091 [INFO] Batch workload dedup: starts with 4 thread(s), running on core(s) [0, 1, 2, 3].
1622190009.9268148 [INFO] batch workload dedup finished.
1622190009.9270053 [INFO] All workloads finished. Controller quits.
