1622182929.51432 [INFO] Logs will be written to s7
1622182929.5261772 [INFO] Adjusting cores allocated to memcached: from None to [0, 1].
1622182931.2377932 [INFO] Image fft pulled.
1622182932.6764903 [INFO] Image freqmine pulled.
1622182934.12657 [INFO] Image ferret pulled.
1622182935.5447466 [INFO] Image canneal pulled.
1622182937.010054 [INFO] Image dedup pulled.
1622182938.3976974 [INFO] Image blackscholes pulled.
1622182938.3978379 [INFO] Controller enters main control loop.
1622182940.0033805 [INFO] Batch workload fft: starts with 4 thread(s), running on core(s) [1, 3].
1622182940.4983132 [INFO] Batch workload blackscholes: starts with 3 thread(s), running on core(s) [0, 1, 2].
1622182947.7971294 [INFO] Adjusting cores allocated to blackscholes: from [0, 1, 2] to [].
1622182947.818601 [INFO] batch workload blackscholes paused.
1622182947.818779 [INFO] Adjusting cores allocated to fft: from [1, 3] to [0, 1, 2, 3].
1622183040.6756232 [INFO] batch workload fft finished.
1622183040.675977 [INFO] Adjusting cores allocated to blackscholes: from [] to [0, 1, 2].
1622183040.7020297 [INFO] batch workload blackscholes un-paused.
1622183041.3625479 [INFO] Batch workload canneal: starts with 4 thread(s), running on core(s) [3].
1622183224.5271537 [INFO] batch workload blackscholes finished.
1622183224.5274088 [INFO] Adjusting cores allocated to canneal: from [3] to [0, 1, 2, 3].
1622183344.7121336 [INFO] batch workload canneal finished.
1622183345.1210546 [INFO] Batch workload freqmine: starts with 4 thread(s), running on core(s) [0, 1, 2, 3].
1622183598.3678775 [INFO] batch workload freqmine finished.
1622183598.7120838 [INFO] Batch workload ferret: starts with 4 thread(s), running on core(s) [0, 1, 2, 3].
1622184118.6022298 [INFO] batch workload ferret finished.
1622184119.0249367 [INFO] Batch workload dedup: starts with 4 thread(s), running on core(s) [0, 1, 2, 3].
1622184171.7262776 [INFO] batch workload dedup finished.
1622184171.7265303 [INFO] All workloads finished. Controller quits.
