1622111503.6255703 [INFO] Logs will be written to s3
1622111503.634326 [INFO] Adjusting cores allocated to memcached: from None to [0, 1, 2, 3].
1622111504.9748304 [INFO] Image fft pulled.
1622111506.2982247 [INFO] Image freqmine pulled.
1622111507.6000164 [INFO] Image ferret pulled.
1622111508.9204724 [INFO] Image canneal pulled.
1622111510.2273164 [INFO] Image dedup pulled.
1622111511.5254936 [INFO] Image blackscholes pulled.
1622111511.525634 [INFO] Controller enters main control loop.
1622111511.9064515 [INFO] Batch workload fft: starts with 4 thread(s), running on core(s) [0, 1].
1622111512.388476 [INFO] Batch workload canneal: starts with 4 thread(s), running on core(s) [0, 2].
1622111512.9299908 [INFO] Batch workload blackscholes: starts with 4 thread(s), running on core(s) [0, 3].
1622111561.824403 [INFO] Adjusting cores allocated to canneal: from [0, 2] to [].
1622111561.8849843 [INFO] batch workload canneal paused.
1622111561.8851686 [INFO] Adjusting cores allocated to blackscholes: from [0, 3] to [].
1622111561.9263186 [INFO] batch workload blackscholes paused.
1622111561.9264698 [INFO] Adjusting cores allocated to fft: from [0, 1] to [0, 1, 2, 3].
1622111638.6805015 [INFO] batch workload fft finished.
1622111638.6819985 [INFO] Adjusting cores allocated to canneal: from [] to [0, 1, 2, 3].
1622111638.716081 [INFO] batch workload canneal un-paused.
1622111638.7683098 [INFO] Adjusting cores allocated to blackscholes: from [] to [0, 1, 2, 3].
1622111638.8001757 [INFO] batch workload blackscholes un-paused.
1622111805.90399 [INFO] batch workload blackscholes finished.
1622111805.9042234 [INFO] Adjusting cores allocated to canneal: from [0, 1, 2, 3] to [0, 1, 2, 3].
1622111929.3011916 [INFO] batch workload canneal finished.
1622111929.847299 [INFO] Batch workload freqmine: starts with 4 thread(s), running on core(s) [0, 1, 2, 3].
1622112203.8660653 [INFO] batch workload freqmine finished.
1622112204.1942656 [INFO] Batch workload ferret: starts with 4 thread(s), running on core(s) [0, 1, 2, 3].
1622112729.8757617 [INFO] batch workload ferret finished.
1622112730.2844403 [INFO] Batch workload dedup: starts with 4 thread(s), running on core(s) [0, 1, 2, 3].
1622112777.7503946 [INFO] batch workload dedup finished.
1622112777.7507553 [INFO] All workloads finished. Controller quits.
