1622120922.1629357 [INFO] Logs will be written to s4
1622120922.1742773 [INFO] Adjusting cores allocated to memcached: from None to [0, 1, 2, 3].
1622120944.344099 [INFO] Image fft pulled.
1622120976.3198576 [INFO] Image freqmine pulled.
1622121004.8239787 [INFO] Image ferret pulled.
1622121025.9643319 [INFO] Image canneal pulled.
1622121068.4792144 [INFO] Image dedup pulled.
1622121099.297775 [INFO] Image blackscholes pulled.
1622121099.2980862 [INFO] Controller enters main control loop.
1622121099.6809347 [INFO] Batch workload fft: starts with 4 thread(s), running on core(s) [0, 1].
1622121100.0271673 [INFO] Batch workload canneal: starts with 4 thread(s), running on core(s) [0, 2].
1622121100.4863513 [INFO] Batch workload blackscholes: starts with 2 thread(s), running on core(s) [0, 3].
1622121169.7407186 [INFO] Adjusting cores allocated to canneal: from [0, 2] to [].
1622121169.7844281 [INFO] batch workload canneal paused.
1622121169.7846835 [INFO] Adjusting cores allocated to blackscholes: from [0, 3] to [].
1622121169.8165421 [INFO] batch workload blackscholes paused.
1622121169.8167033 [INFO] Adjusting cores allocated to fft: from [0, 1] to [0, 1, 2, 3].
1622121219.490715 [INFO] batch workload fft finished.
1622121219.4909992 [INFO] Adjusting cores allocated to canneal: from [] to [0, 1, 2, 3].
1622121219.510935 [INFO] batch workload canneal un-paused.
1622121219.547369 [INFO] Adjusting cores allocated to blackscholes: from [] to [0, 1, 2, 3].
1622121219.575401 [INFO] batch workload blackscholes un-paused.
1622121403.9619873 [INFO] batch workload blackscholes finished.
1622121403.962425 [INFO] Adjusting cores allocated to canneal: from [0, 1, 2, 3] to [0, 1, 2, 3].
1622121485.890619 [INFO] batch workload canneal finished.
1622121486.5359511 [INFO] Batch workload freqmine: starts with 4 thread(s), running on core(s) [0, 1, 2, 3].
1622121743.970136 [INFO] batch workload freqmine finished.
1622121744.442961 [INFO] Batch workload ferret: starts with 4 thread(s), running on core(s) [0, 1, 2, 3].
1622122250.5197892 [INFO] batch workload ferret finished.
1622122251.0385861 [INFO] Batch workload dedup: starts with 4 thread(s), running on core(s) [0, 1, 2, 3].
1622122288.5110722 [INFO] batch workload dedup finished.
1622122288.5112855 [INFO] All workloads finished. Controller quits.
