1622102961.1275742 [INFO] Logs will be written to unconstrained
1622102961.1353939 [INFO] Adjusting cores allocated to memcached: from None to [0, 1, 2, 3].
1622102962.4683347 [INFO] Image fft pulled.
1622102963.7801518 [INFO] Image freqmine pulled.
1622102965.0981026 [INFO] Image ferret pulled.
1622102966.4188638 [INFO] Image canneal pulled.
1622102967.7482195 [INFO] Image dedup pulled.
1622102969.101916 [INFO] Image blackscholes pulled.
1622102969.1021116 [INFO] Controller enters main control loop.
1622102969.5871913 [INFO] Batch workload fft: starts with 4 thread(s), running on core(s) [0, 1, 2, 3].
1622103074.4906962 [INFO] batch workload fft finished.
1622103074.9278135 [INFO] Batch workload freqmine: starts with 4 thread(s), running on core(s) [0, 1, 2, 3].
1622103348.830805 [INFO] batch workload freqmine finished.
1622103349.222233 [INFO] Batch workload ferret: starts with 4 thread(s), running on core(s) [0, 1, 2, 3].
1622103863.2097027 [INFO] batch workload ferret finished.
1622103863.6456437 [INFO] Batch workload canneal: starts with 4 thread(s), running on core(s) [0, 1, 2, 3].
1622104105.1792681 [INFO] batch workload canneal finished.
1622104105.5625243 [INFO] Batch workload dedup: starts with 4 thread(s), running on core(s) [0, 1, 2, 3].
1622104154.2911327 [INFO] batch workload dedup finished.
1622104154.7108212 [INFO] Batch workload blackscholes: starts with 4 thread(s), running on core(s) [0, 1, 2, 3].
1622104295.4431589 [INFO] batch workload blackscholes finished.
1622104295.4434633 [INFO] All workloads finished. Controller quits.
