1622204073.6645083 [INFO] Logs will be written to s6
1622204073.671805 [INFO] Adjusting cores allocated to memcached: from None to [0, 1].
1622204074.9656615 [INFO] Image fft pulled.
1622204076.26793 [INFO] Image freqmine pulled.
1622204077.60998 [INFO] Image ferret pulled.
1622204078.8849392 [INFO] Image canneal pulled.
1622204080.1846716 [INFO] Image dedup pulled.
1622204081.480399 [INFO] Image blackscholes pulled.
1622204081.4807096 [INFO] Controller enters main control loop.
1622204081.9508488 [INFO] Batch workload fft: starts with 4 thread(s), running on core(s) [1, 3].
1622204082.3949924 [INFO] Batch workload canneal: starts with 2 thread(s), running on core(s) [2].
1622204082.8509183 [INFO] Batch workload blackscholes: starts with 2 thread(s), running on core(s) [0, 1, 2, 3].
1622204126.5563855 [INFO] Adjusting cores allocated to canneal: from [2] to [].
1622204126.591307 [INFO] batch workload canneal paused.
1622204126.5914748 [INFO] Adjusting cores allocated to blackscholes: from [0, 1, 2, 3] to [].
1622204126.6179175 [INFO] batch workload blackscholes paused.
1622204126.618054 [INFO] Adjusting cores allocated to fft: from [1, 3] to [0, 1, 2, 3].
1622204196.3281116 [INFO] batch workload fft finished.
1622204196.3283765 [INFO] Adjusting cores allocated to blackscholes: from [] to [2, 3].
1622204196.3575082 [INFO] batch workload blackscholes un-paused.
1622204196.404398 [INFO] Adjusting cores allocated to canneal: from [] to [0, 1].
1622204196.4259937 [INFO] batch workload canneal un-paused.
1622204236.8011093 [INFO] Adjusting cores allocated to canneal: from [0, 1] to [0, 1, 2].
1622204236.8562236 [INFO] Adjusting cores allocated to blackscholes: from [2, 3] to [2, 3].
1622204374.7708054 [INFO] batch workload blackscholes finished.
1622204375.3986835 [INFO] Batch workload freqmine: starts with 4 thread(s), running on core(s) [2, 3].
1622204577.221574 [INFO] batch workload canneal finished.
1622204577.2219336 [INFO] Adjusting cores allocated to freqmine: from [2, 3] to [0, 1, 2, 3].
1622204702.3082478 [INFO] batch workload freqmine finished.
1622204702.8027277 [INFO] Batch workload ferret: starts with 4 thread(s), running on core(s) [0, 1, 2, 3].
1622205182.3324218 [INFO] batch workload ferret finished.
1622205182.7616525 [INFO] Batch workload dedup: starts with 4 thread(s), running on core(s) [0, 1, 2, 3].
1622205229.1348145 [INFO] batch workload dedup finished.
1622205229.135014 [INFO] All workloads finished. Controller quits.
