1622208097.563253 [INFO] Logs will be written to s6
1622208097.5705457 [INFO] Adjusting cores allocated to memcached: from None to [0, 1].
1622208098.8808765 [INFO] Image fft pulled.
1622208100.1909194 [INFO] Image freqmine pulled.
1622208101.5650494 [INFO] Image ferret pulled.
1622208102.8634245 [INFO] Image canneal pulled.
1622208104.2652323 [INFO] Image dedup pulled.
1622208105.5691028 [INFO] Image blackscholes pulled.
1622208105.5693269 [INFO] Controller enters main control loop.
1622208105.9636788 [INFO] Batch workload fft: starts with 4 thread(s), running on core(s) [1, 3].
1622208106.4189868 [INFO] Batch workload canneal: starts with 2 thread(s), running on core(s) [2].
1622208106.9502287 [INFO] Batch workload blackscholes: starts with 2 thread(s), running on core(s) [0, 1, 2, 3].
1622208150.6634283 [INFO] Adjusting cores allocated to canneal: from [2] to [].
1622208150.7281148 [INFO] batch workload canneal paused.
1622208150.728324 [INFO] Adjusting cores allocated to blackscholes: from [0, 1, 2, 3] to [].
1622208150.7755978 [INFO] batch workload blackscholes paused.
1622208150.775822 [INFO] Adjusting cores allocated to fft: from [1, 3] to [0, 1, 2, 3].
1622208220.5370476 [INFO] batch workload fft finished.
1622208220.5375278 [INFO] Adjusting cores allocated to blackscholes: from [] to [2, 3].
1622208220.5661292 [INFO] batch workload blackscholes un-paused.
1622208220.6065888 [INFO] Adjusting cores allocated to canneal: from [] to [0, 1].
1622208220.6300747 [INFO] batch workload canneal un-paused.
1622208253.743308 [INFO] Adjusting cores allocated to canneal: from [0, 1] to [0, 1, 2].
1622208253.8161237 [INFO] Adjusting cores allocated to blackscholes: from [2, 3] to [2, 3].
1622208399.4198723 [INFO] batch workload blackscholes finished.
1622208400.0704834 [INFO] Batch workload freqmine: starts with 4 thread(s), running on core(s) [2, 3].
1622208591.8716228 [INFO] batch workload canneal finished.
1622208591.8721597 [INFO] Adjusting cores allocated to freqmine: from [2, 3] to [0, 1, 2, 3].
1622208726.309743 [INFO] batch workload freqmine finished.
1622208726.848815 [INFO] Batch workload ferret: starts with 4 thread(s), running on core(s) [0, 1, 2, 3].
1622209205.4747667 [INFO] batch workload ferret finished.
1622209205.853264 [INFO] Batch workload dedup: starts with 4 thread(s), running on core(s) [0, 1, 2, 3].
1622209253.3257554 [INFO] batch workload dedup finished.
1622209253.3259518 [INFO] All workloads finished. Controller quits.
