1622194842.6084287 [INFO] Logs will be written to s6
1622194842.6154242 [INFO] Adjusting cores allocated to memcached: from None to [0, 1].
1622194843.959834 [INFO] Image fft pulled.
1622194845.2531123 [INFO] Image freqmine pulled.
1622194846.5332708 [INFO] Image ferret pulled.
1622194847.8211694 [INFO] Image canneal pulled.
1622194849.1042361 [INFO] Image dedup pulled.
1622194850.3788395 [INFO] Image blackscholes pulled.
1622194850.3790154 [INFO] Controller enters main control loop.
1622194850.8047667 [INFO] Batch workload fft: starts with 4 thread(s), running on core(s) [1, 3].
1622194851.3429484 [INFO] Batch workload canneal: starts with 2 thread(s), running on core(s) [2].
1622194851.8219154 [INFO] Batch workload blackscholes: starts with 2 thread(s), running on core(s) [0, 1, 2, 3].
1622194895.4517066 [INFO] Adjusting cores allocated to canneal: from [2] to [].
1622194895.4824724 [INFO] batch workload canneal paused.
1622194895.482635 [INFO] Adjusting cores allocated to blackscholes: from [0, 1, 2, 3] to [].
1622194895.5310433 [INFO] batch workload blackscholes paused.
1622194895.531197 [INFO] Adjusting cores allocated to fft: from [1, 3] to [0, 1, 2, 3].
1622194963.0759494 [INFO] batch workload fft finished.
1622194963.0765786 [INFO] Adjusting cores allocated to blackscholes: from [] to [2, 3].
1622194963.1112058 [INFO] batch workload blackscholes un-paused.
1622194963.2162373 [INFO] Adjusting cores allocated to canneal: from [] to [0, 1].
1622194963.2398582 [INFO] batch workload canneal un-paused.
1622195000.429837 [INFO] Adjusting cores allocated to canneal: from [0, 1] to [0, 1, 2].
1622195000.5289223 [INFO] Adjusting cores allocated to blackscholes: from [2, 3] to [2, 3].
1622195137.4059622 [INFO] batch workload blackscholes finished.
1622195138.1234007 [INFO] Batch workload freqmine: starts with 4 thread(s), running on core(s) [2, 3].
1622195341.0737736 [INFO] batch workload canneal finished.
1622195341.0745978 [INFO] Adjusting cores allocated to freqmine: from [2, 3] to [0, 1, 2, 3].
1622195464.0220523 [INFO] batch workload freqmine finished.
1622195464.52603 [INFO] Batch workload ferret: starts with 4 thread(s), running on core(s) [0, 1, 2, 3].
1622195956.1553566 [INFO] batch workload ferret finished.
1622195956.6627693 [INFO] Batch workload dedup: starts with 4 thread(s), running on core(s) [0, 1, 2, 3].
1622196002.2074888 [INFO] batch workload dedup finished.
1622196002.2077177 [INFO] All workloads finished. Controller quits.
